<?xml version="1.0" encoding="UTF-8"?>
<!-- Generated by org.testng.reporters.JUnitReportReporter -->
<testsuite hostname="Sanjaykumar" failures="0" tests="1" name="runner_script.Check_generic" time="11.401" errors="0" timestamp="2023-07-02T22:04:46 IST" skipped="0">
  <testcase classname="runner_script.Check_generic" name="check" time="11.401"/>
</testsuite> <!-- runner_script.Check_generic -->
