<?xml version="1.0" encoding="UTF-8"?>
<!-- Generated by org.testng.reporters.JUnitReportReporter -->
<testsuite hostname="Sanjaykumar" failures="0" tests="2" name="runner_script.Data_provider" time="22.708" errors="0" timestamp="2023-07-03T00:28:29 IST" skipped="0">
  <testcase classname="runner_script.Data_provider" name="open" time="11.992"/>
  <testcase classname="runner_script.Data_provider" name="open" time="10.716"/>
</testsuite> <!-- runner_script.Data_provider -->
