<?xml version="1.0" encoding="UTF-8"?>
<!-- Generated by org.testng.reporters.JUnitReportReporter -->
<testsuite hostname="Sanjaykumar" failures="0" tests="1" name="runner_script.Take" time="18.657" errors="0" timestamp="2023-07-03T23:17:45 IST" skipped="0">
  <testcase classname="runner_script.Take" name="mul" time="18.657"/>
</testsuite> <!-- runner_script.Take -->
